<?xml version="1.0" encoding="UTF-8"?>
<robot generator="Robot 4.1.3 (Python 3.10.2 on win32)" generated="20220318 15:30:56.077" rpa="false" schemaversion="2">
<suite id="s1" name="Demo13 Db Suite" source="E:\LTTS\robort\robort_project\Selenium_suite\demo13_db_suite.robot">
<test id="s1-t1" name="TC2">
<kw name="Open Browser" library="SeleniumLibrary">
<arg>browser=chrome</arg>
<arg>executable_path=${EXECDIR}${/}driver${/}chromedriver.exe</arg>
<doc>Opens a new browser instance to the optional ``url``.</doc>
<msg timestamp="20220318 15:31:00.068" level="INFO">Opening browser 'chrome' to base url 'None'.</msg>
<status status="PASS" starttime="20220318 15:31:00.067" endtime="20220318 15:31:16.121"/>
</kw>
<kw name="Maximize Browser Window" library="SeleniumLibrary">
<doc>Maximizes current browser window.</doc>
<status status="PASS" starttime="20220318 15:31:16.122" endtime="20220318 15:31:16.730"/>
</kw>
<kw name="Set Selenium Implicit Wait" library="SeleniumLibrary">
<arg>20s</arg>
<doc>Sets the implicit wait value used by Selenium.</doc>
<status status="PASS" starttime="20220318 15:31:16.731" endtime="20220318 15:31:16.768"/>
</kw>
<kw name="Set Selenium Speed" library="SeleniumLibrary">
<arg>1s</arg>
<doc>Sets the delay that is waited after each Selenium command.</doc>
<status status="PASS" starttime="20220318 15:31:16.768" endtime="20220318 15:31:16.769"/>
</kw>
<kw name="Go To" library="SeleniumLibrary">
<arg>url=https://softwaretesting.com</arg>
<doc>Navigates the current browser window to the provided ``url``.</doc>
<msg timestamp="20220318 15:31:16.770" level="INFO">Opening url 'https://softwaretesting.com'</msg>
<status status="PASS" starttime="20220318 15:31:16.769" endtime="20220318 15:31:20.783"/>
</kw>
<kw name="Sleep" library="BuiltIn">
<arg>5s</arg>
<doc>Pauses the test executed for the given time.</doc>
<msg timestamp="20220318 15:31:25.791" level="INFO">Slept 5 seconds</msg>
<status status="PASS" starttime="20220318 15:31:20.786" endtime="20220318 15:31:25.791"/>
</kw>
<kw name="Send" library="AutoItLibrary">
<arg>Ambika</arg>
<doc>method Send</doc>
<status status="PASS" starttime="20220318 15:31:25.792" endtime="20220318 15:31:26.133"/>
</kw>
<kw name="Send" library="AutoItLibrary">
<arg>{TAB}</arg>
<doc>method Send</doc>
<status status="PASS" starttime="20220318 15:31:26.135" endtime="20220318 15:31:26.192"/>
</kw>
<kw name="Send" library="AutoItLibrary">
<arg>pass123</arg>
<doc>method Send</doc>
<status status="PASS" starttime="20220318 15:31:26.193" endtime="20220318 15:31:26.278"/>
</kw>
<kw name="Send" library="AutoItLibrary">
<arg>{ENTER}</arg>
<doc>method Send</doc>
<status status="PASS" starttime="20220318 15:31:26.280" endtime="20220318 15:31:26.292"/>
</kw>
<status status="PASS" starttime="20220318 15:31:00.066" endtime="20220318 15:31:26.293"/>
</test>
<status status="PASS" starttime="20220318 15:30:56.123" endtime="20220318 15:31:26.294"/>
</suite>
<statistics>
<total>
<stat pass="1" fail="0" skip="0">All Tests</stat>
</total>
<tag>
</tag>
<suite>
<stat pass="1" fail="0" skip="0" id="s1" name="Demo13 Db Suite">Demo13 Db Suite</stat>
</suite>
</statistics>
<errors>
</errors>
</robot>
